<?xml version="1.0" encoding="UTF-8"?>
<!-- Generated by org.testng.reporters.JUnitReportReporter -->
<testsuite hostname="BC-IN-HYD-TEST-KEERTHANAB" failures="0" tests="2" name="selenium1.TestNGBasicProgram" time="8.337" errors="0" timestamp="2023-02-06T10:21:22 IST" skipped="0">
  <testcase classname="selenium1.TestNGBasicProgram" name="TestFacebook" time="3.583"/>
  <system-out/>
  <testcase classname="selenium1.TestNGBasicProgram" name="TestGoogle" time="4.754"/>
  <system-out/>
</testsuite> <!-- selenium1.TestNGBasicProgram -->
