<?xml version="1.0" encoding="UTF-8"?>
<!-- Generated by org.testng.reporters.JUnitReportReporter -->
<testsuite hostname="BC-IN-HYD-TEST-KEERTHANAB" failures="0" tests="2" name="testNg.OrangeHRM" time="20.565" errors="0" timestamp="2023-02-06T11:44:41 IST" skipped="0">
  <testcase classname="testNg.OrangeHRM" name="TestLaunchURL" time="10.469"/>
  <system-out/>
  <testcase classname="testNg.OrangeHRM" name="TestMyinfo" time="10.096"/>
  <system-out/>
</testsuite> <!-- testNg.OrangeHRM -->
