<?xml version="1.0" encoding="UTF-8"?>
<!-- Generated by org.testng.reporters.JUnitReportReporter -->
<testsuite hostname="BC-IN-HYD-TEST-KEERTHANAB" failures="0" tests="5" name="selenium1.CheckBox" time="73.694" errors="0" timestamp="2023-01-31T14:48:30 IST" skipped="0">
  <testcase classname="selenium1.CheckBox" name="checkbox" time="49.440"/>
  <system-out/>
  <testcase classname="selenium1.CheckBox" name="checkbox" time="7.115"/>
  <system-out/>
  <testcase classname="selenium1.CheckBox" name="checkbox" time="5.287"/>
  <system-out/>
  <testcase classname="selenium1.CheckBox" name="checkbox" time="6.349"/>
  <system-out/>
  <testcase classname="selenium1.CheckBox" name="checkbox" time="5.503"/>
  <system-out/>
</testsuite> <!-- selenium1.CheckBox -->
